Packet Loss
==================================================
Filter: plain-server
Percent: 25
Packets: 100
Runs that received response: 2
Average packets received: 75.0
Average packet loss percentage: 0.0
--------------------------------------------------
Filter: plain-server
Percent: 25
Packets: 100000
Runs that received response: 2
Average packets received: 74014.5
Average packet loss percentage: 1.314
--------------------------------------------------
Filter: plain-server
Percent: 50
Packets: 100
Runs that received response: 2
Average packets received: 50.0
Average packet loss percentage: 0.0
--------------------------------------------------
Filter: plain-server
Percent: 50
Packets: 100000
Runs that received response: 2
Average packets received: 49692.5
Average packet loss percentage: 0.615
--------------------------------------------------
Filter: socketfilter-server
Percent: 25
Packets: 100
Runs that received response: 2
Average packets received: 75.0
Average packet loss percentage: 0.0
--------------------------------------------------
Filter: socketfilter-server
Percent: 25
Packets: 100000
Runs that received response: 2
Average packets received: 73865.5
Average packet loss percentage: 1.5126666666666666
--------------------------------------------------
Filter: socketfilter-server
Percent: 50
Packets: 100
Runs that received response: 2
Average packets received: 50.0
Average packet loss percentage: 0.0
--------------------------------------------------
Filter: socketfilter-server
Percent: 50
Packets: 100000
Runs that received response: 2
Average packets received: 49778.0
Average packet loss percentage: 0.44400000000000006
--------------------------------------------------
